CRITICAL - 2022-11-13 14:56:56 --> Invalid file: welcome_message.php
in SYSTEMPATH/Exceptions/FrameworkException.php on line 33.
 1 SYSTEMPATH/View/View.php(201): CodeIgniter\Exceptions\FrameworkException::forInvalidFile('welcome_message.php')
 2 SYSTEMPATH/Common.php(1134): CodeIgniter\View\View->render('welcome_message', [], true)
 3 APPPATH/Controllers/Home.php(9): view('welcome_message')
 4 SYSTEMPATH/CodeIgniter.php(927): App\Controllers\Home->index()
 5 SYSTEMPATH/CodeIgniter.php(482): CodeIgniter\CodeIgniter->runController(Object(App\Controllers\Home))
 6 SYSTEMPATH/CodeIgniter.php(351): CodeIgniter\CodeIgniter->handleRequest(null, Object(Config\Cache), false)
 7 FCPATH/index.php(67): CodeIgniter\CodeIgniter->run()
CRITICAL - 2022-11-13 16:22:12 --> Class "App\Controllers\ClientModel" not found
in APPPATH/Controllers/Client.php on line 8.
 1 SYSTEMPATH/CodeIgniter.php(927): App\Controllers\Client->listClients()
 2 SYSTEMPATH/CodeIgniter.php(482): CodeIgniter\CodeIgniter->runController(Object(App\Controllers\Client))
 3 SYSTEMPATH/CodeIgniter.php(351): CodeIgniter\CodeIgniter->handleRequest(null, Object(Config\Cache), false)
 4 FCPATH/index.php(67): CodeIgniter\CodeIgniter->run()
CRITICAL - 2022-11-13 16:23:07 --> syntax error, unexpected token "(", expecting "{"
in APPPATH/Models/ClientModel.php on line 6.
 1 SYSTEMPATH/Autoloader/Autoloader.php(259): CodeIgniter\Autoloader\Autoloader->includeFile('APPPATH/Models/ClientModel.php')
 2 SYSTEMPATH/Autoloader/Autoloader.php(237): CodeIgniter\Autoloader\Autoloader->loadInNamespace('App\\Models\\ClientModel')
 3 APPPATH/Controllers/Client.php(10): CodeIgniter\Autoloader\Autoloader->loadClass('App\\Models\\ClientModel')
 4 SYSTEMPATH/CodeIgniter.php(927): App\Controllers\Client->listClients()
 5 SYSTEMPATH/CodeIgniter.php(482): CodeIgniter\CodeIgniter->runController(Object(App\Controllers\Client))
 6 SYSTEMPATH/CodeIgniter.php(351): CodeIgniter\CodeIgniter->handleRequest(null, Object(Config\Cache), false)
 7 FCPATH/index.php(67): CodeIgniter\CodeIgniter->run()
CRITICAL - 2022-11-13 16:45:19 --> syntax error, unexpected token "(", expecting "{"
in APPPATH/Models/ClientModel.php on line 6.
 1 SYSTEMPATH/Autoloader/Autoloader.php(259): CodeIgniter\Autoloader\Autoloader->includeFile('APPPATH/Models/ClientModel.php')
 2 SYSTEMPATH/Autoloader/Autoloader.php(237): CodeIgniter\Autoloader\Autoloader->loadInNamespace('App\\Models\\ClientModel')
 3 APPPATH/Controllers/Client.php(10): CodeIgniter\Autoloader\Autoloader->loadClass('App\\Models\\ClientModel')
 4 SYSTEMPATH/CodeIgniter.php(927): App\Controllers\Client->listClients()
 5 SYSTEMPATH/CodeIgniter.php(482): CodeIgniter\CodeIgniter->runController(Object(App\Controllers\Client))
 6 SYSTEMPATH/CodeIgniter.php(351): CodeIgniter\CodeIgniter->handleRequest(null, Object(Config\Cache), false)
 7 FCPATH/index.php(67): CodeIgniter\CodeIgniter->run()
